<?xml version="1.0" encoding="UTF-8"?>
<!-- Generated by org.testng.reporters.JUnitReportReporter -->
<testsuite skipped="0" hostname="INUH101955" name="org.hellofresh.test.DriverTest" tests="4" failures="0" timestamp="2020-03-08T13:24:59 IST" time="4.851" errors="0">
  <testcase name="Test_that_at_least_1_existing_bookings_are_returned_in_the_response" time="1.264" classname="org.hellofresh.test.DriverTest"/>
  <testcase name="test_that_the_data_returned_for_an_existing_booking_matches" time="0.931" classname="org.hellofresh.test.DriverTest"/>
  <testcase name="test_that_the_correct_error_message_is_displayed_for_incorrect_uri" time="0.957" classname="org.hellofresh.test.DriverTest"/>
  <testcase name="test_that_bookings_can_be_created" time="1.699" classname="org.hellofresh.test.DriverTest"/>
</testsuite> <!-- org.hellofresh.test.DriverTest -->
