<?xml version="1.0" encoding="UTF-8"?>
<!-- Generated by org.testng.reporters.JUnitReportReporter -->
<testsuite skipped="0" hostname="INUH101955" name="com.hellofresh.test.NegativeTest" tests="6" failures="0" timestamp="2020-03-10T18:23:45 IST" time="6.348" errors="0">
  <testcase name="TC07_POST_CheckinDateGreaterThanCheckoutDate" time="0.785" classname="com.hellofresh.test.NegativeTest"/>
  <testcase name="TC06_GET_IncorrectUriTest" time="0.969" classname="com.hellofresh.test.NegativeTest"/>
  <testcase name="TC05_POST_CreateBookinDuplicateForSameDate" time="1.760" classname="com.hellofresh.test.NegativeTest"/>
  <testcase name="TC08_POST_CreateBookingWithMissingData" time="0.955" classname="com.hellofresh.test.NegativeTest"/>
  <testcase name="TC08_POST_CreateBookingWithMissingData" time="0.918" classname="com.hellofresh.test.NegativeTest"/>
  <testcase name="TC08_POST_CreateBookingWithMissingData" time="0.961" classname="com.hellofresh.test.NegativeTest"/>
</testsuite> <!-- com.hellofresh.test.NegativeTest -->
