<?xml version="1.0" encoding="UTF-8"?>
<!-- Generated by org.testng.reporters.JUnitReportReporter -->
<testsuite skipped="0" hostname="INUH101955" name="org.hellofresh.test.NegativeTest" tests="1" failures="0" timestamp="2020-03-08T14:06:15 IST" time="2.291" errors="0">
  <testcase name="test_that_a_room_cannot_be_booked_more_than_once_for_a_given_date" time="2.291" classname="org.hellofresh.test.NegativeTest"/>
</testsuite> <!-- org.hellofresh.test.NegativeTest -->
