<?xml version="1.0" encoding="UTF-8"?>
<!-- Generated by org.testng.reporters.JUnitReportReporter -->
<testsuite skipped="0" hostname="INUH101955" name="com.hellofresh.test.DriverTest" tests="3" failures="0" timestamp="2020-03-10T18:23:45 IST" time="5.828" errors="0">
  <testcase name="TC01_GET_GetAllBookingsTest" time="2.871" classname="com.hellofresh.test.DriverTest"/>
  <testcase name="TC02_GET_RetrieveBookingById" time="0.902" classname="com.hellofresh.test.DriverTest"/>
  <testcase name="TC03_POST_CreateBooking" time="2.055" classname="com.hellofresh.test.DriverTest"/>
</testsuite> <!-- com.hellofresh.test.DriverTest -->
